<?xml version="1.0" encoding="UTF-8"?>
<!-- Generated by org.testng.reporters.JUnitXMLReporter -->
<testsuite ignored="0" hostname="QB-TP3-2511" failures="1" tests="2" name="Test" time="13.797" errors="0" timestamp="2022-06-21T15:16:23 IST">
  <testcase classname="io.cucumber.testng.AbstractTestNGCucumberTests" name="runScenario" time="12.192"/>
  <testcase classname="io.cucumber.testng.AbstractTestNGCucumberTests" name="runScenario" time="1.414">
    <failure type="java.lang.NullPointerException" message="null value in entry: url=null">
      <![CDATA[java.lang.NullPointerException: null value in entry: url=null
at com.google.common.collect.CollectPreconditions.checkEntryNotNull(CollectPreconditions.java:33)
at com.google.common.collect.SingletonImmutableBiMap.<init>(SingletonImmutableBiMap.java:43)
at com.google.common.collect.ImmutableBiMap.of(ImmutableBiMap.java:81)
at com.google.common.collect.ImmutableMap.of(ImmutableMap.java:128)
at org.openqa.selenium.remote.DriverCommand.GET(DriverCommand.java:76)
at org.openqa.selenium.remote.RemoteWebDriver.get(RemoteWebDriver.java:330)
at ApplicationPages.Home.goToHome(Home.java:20)
at StepDefinitions.VesselSelection.user_navigates_to_home_page(VesselSelection.java:45)
at ✽.user navigates to home page(file:///D:/Automation/TFOC/src/test/java/features/VesselSelection.feature:6)
]]>
    </failure>
  </testcase> <!-- runScenario -->
</testsuite> <!-- Test -->
