<?xml version="1.0" encoding="UTF-8"?>
<testng-results ignored="0" total="1" passed="1" failed="0" skipped="0">
  <reporter-output>
  </reporter-output>
  <suite started-at="2022-04-06T23:18:28 IST" name="Suite" finished-at="2022-04-06T23:18:41 IST" duration-ms="13358">
    <groups>
    </groups>
    <test started-at="2022-04-06T23:18:28 IST" name="Test" finished-at="2022-04-06T23:18:41 IST" duration-ms="13358">
      <class name="TFOC.Login">
        <test-method signature="shoreLogin()[pri:0, instance:TFOC.Login@649bec2e]" started-at="2022-04-06T23:18:28 IST" name="shoreLogin" finished-at="2022-04-06T23:18:41 IST" duration-ms="13335" status="PASS">
          <reporter-output>
          </reporter-output>
        </test-method> <!-- shoreLogin -->
      </class> <!-- TFOC.Login -->
    </test> <!-- Test -->
  </suite> <!-- Suite -->
</testng-results>
