<?xml version="1.0" encoding="UTF-8"?>
<!-- Generated by org.testng.reporters.JUnitReportReporter -->
<testsuite hostname="QB-TP3-2511" failures="0" tests="3" name="CucumberOptions.TestRunner" time="101.743" errors="1" timestamp="2022-06-23T12:33:41 IST" skipped="0">
  <testcase classname="CucumberOptions.TestRunner" name="runScenario" time="30.373"/>
  <system-out/>
  <testcase classname="CucumberOptions.TestRunner" name="runScenario" time="31.875">
    <error message="TODO: implement me" type="io.cucumber.java.PendingException">
      <![CDATA[io.cucumber.java.PendingException: TODO: implement me
at StepDefinitions.VesselSelection.fill_the_voyage_plan_with_data(VesselSelection.java:60)
at ✽.fill the voyage plan with data(file:///D:/Automation/TFOC/src/test/java/features/VesselSelection.feature:8)
]]>
    </error>
  </testcase> <!-- runScenario -->
  <system-out/>
  <testcase classname="CucumberOptions.TestRunner" name="runScenario" time="39.495"/>
  <system-out/>
</testsuite> <!-- CucumberOptions.TestRunner -->
