<?xml version="1.0" encoding="UTF-8"?>
<!-- Generated by org.testng.reporters.JUnitXMLReporter -->
<testsuite ignored="0" hostname="QB-TP3-2511" failures="1" tests="3" name="Default test" time="101.922" errors="0" timestamp="2022-06-23T12:33:41 IST">
  <testcase classname="io.cucumber.testng.AbstractTestNGCucumberTests" name="runScenario" time="31.875">
    <failure type="io.cucumber.java.PendingException" message="TODO: implement me">
      <![CDATA[io.cucumber.java.PendingException: TODO: implement me
at StepDefinitions.VesselSelection.fill_the_voyage_plan_with_data(VesselSelection.java:60)
at ✽.fill the voyage plan with data(file:///D:/Automation/TFOC/src/test/java/features/VesselSelection.feature:8)
]]>
    </failure>
  </testcase> <!-- runScenario -->
  <testcase classname="io.cucumber.testng.AbstractTestNGCucumberTests" name="runScenario" time="30.373"/>
  <testcase classname="io.cucumber.testng.AbstractTestNGCucumberTests" name="runScenario" time="39.495"/>
</testsuite> <!-- Default test -->
