<?xml version="1.0" encoding="UTF-8"?>
<testng-results ignored="0" total="3" passed="2" failed="1" skipped="0">
  <reporter-output>
  </reporter-output>
  <suite started-at="2022-06-23T12:31:59 IST" name="Default suite" finished-at="2022-06-23T12:33:41 IST" duration-ms="101922">
    <groups>
      <group name="cucumber">
        <method signature="AbstractTestNGCucumberTests.runScenario(io.cucumber.testng.PickleWrapper,io.cucumber.testng.FeatureWrapper)[pri:0, instance:CucumberOptions.TestRunner@4b0d79fc]" name="runScenario" class="io.cucumber.testng.AbstractTestNGCucumberTests"/>
      </group> <!-- cucumber -->
    </groups>
    <test started-at="2022-06-23T12:31:59 IST" name="Default test" finished-at="2022-06-23T12:33:41 IST" duration-ms="101922">
      <class name="CucumberOptions.TestRunner">
        <test-method is-config="true" signature="setUpClass(org.testng.ITestContext)[pri:0, instance:CucumberOptions.TestRunner@4b0d79fc]" started-at="2022-06-23T12:31:59 IST" name="setUpClass" finished-at="2022-06-23T12:31:59 IST" duration-ms="149" status="PASS">
          <params>
            <param index="0">
              <value>
                <![CDATA[org.testng.TestRunner@526b2f3e]]>
              </value>
            </param>
          </params>
          <reporter-output>
          </reporter-output>
        </test-method> <!-- setUpClass -->
        <test-method signature="runScenario(io.cucumber.testng.PickleWrapper,io.cucumber.testng.FeatureWrapper)[pri:0, instance:CucumberOptions.TestRunner@4b0d79fc]" started-at="2022-06-23T12:31:59 IST" name="runScenario" description="Runs Cucumber Scenarios" data-provider="scenarios" finished-at="2022-06-23T12:32:31 IST" duration-ms="31875" status="FAIL">
          <params>
            <param index="0">
              <value>
                <![CDATA["Select a vessel from myfleet page"]]>
              </value>
            </param>
            <param index="1">
              <value>
                <![CDATA["Optional[My fleet page]"]]>
              </value>
            </param>
          </params>
          <exception class="io.cucumber.java.PendingException">
            <message>
              <![CDATA[TODO: implement me]]>
            </message>
            <full-stacktrace>
              <![CDATA[io.cucumber.java.PendingException: TODO: implement me
at StepDefinitions.VesselSelection.fill_the_voyage_plan_with_data(VesselSelection.java:60)
at ✽.fill the voyage plan with data(file:///D:/Automation/TFOC/src/test/java/features/VesselSelection.feature:8)
]]>
            </full-stacktrace>
          </exception> <!-- io.cucumber.java.PendingException -->
          <reporter-output>
          </reporter-output>
        </test-method> <!-- runScenario -->
        <test-method signature="runScenario(io.cucumber.testng.PickleWrapper,io.cucumber.testng.FeatureWrapper)[pri:0, instance:CucumberOptions.TestRunner@4b0d79fc]" started-at="2022-06-23T12:32:31 IST" name="runScenario" description="Runs Cucumber Scenarios" data-provider="scenarios" finished-at="2022-06-23T12:33:01 IST" duration-ms="30373" status="PASS">
          <params>
            <param index="0">
              <value>
                <![CDATA["Shore Login using default credentials"]]>
              </value>
            </param>
            <param index="1">
              <value>
                <![CDATA["Optional[Shore Login]"]]>
              </value>
            </param>
          </params>
          <reporter-output>
          </reporter-output>
        </test-method> <!-- runScenario -->
        <test-method signature="runScenario(io.cucumber.testng.PickleWrapper,io.cucumber.testng.FeatureWrapper)[pri:0, instance:CucumberOptions.TestRunner@4b0d79fc]" started-at="2022-06-23T12:33:01 IST" name="runScenario" description="Runs Cucumber Scenarios" data-provider="scenarios" finished-at="2022-06-23T12:33:41 IST" duration-ms="39495" status="PASS">
          <params>
            <param index="0">
              <value>
                <![CDATA["Shore Login using default credentials"]]>
              </value>
            </param>
            <param index="1">
              <value>
                <![CDATA["Optional[Shore Login]"]]>
              </value>
            </param>
          </params>
          <reporter-output>
          </reporter-output>
        </test-method> <!-- runScenario -->
        <test-method is-config="true" signature="tearDownClass()[pri:0, instance:CucumberOptions.TestRunner@4b0d79fc]" started-at="2022-06-23T12:33:41 IST" name="tearDownClass" finished-at="2022-06-23T12:33:41 IST" duration-ms="5" status="PASS">
          <reporter-output>
          </reporter-output>
        </test-method> <!-- tearDownClass -->
      </class> <!-- CucumberOptions.TestRunner -->
    </test> <!-- Default test -->
  </suite> <!-- Default suite -->
</testng-results>
